<?xml version="1.0" encoding="UTF-8"?>
<testsuite xmlns:xsi="http://www.w3.org/2001/XMLSchema-instance" xsi:schemaLocation="https://maven.apache.org/surefire/maven-surefire-plugin/xsd/surefire-test-report.xsd" name="TestSuite" time="0.988" tests="10" errors="0" skipped="0" failures="1">
  <properties>
[...]
</properties>
  <testcase name="test1" classname="com.epam.lab.suits.test.Test1" time="0.011"/>
  <testcase name="test10" classname="com.epam.lab.suits.test.Test1" time="0"/>
  <testcase name="test2" classname="com.epam.lab.suits.test.Test1" time="0.007">
    <failure message="expected [true] but found [false]" type="java.lang.AssertionError">java.lang.AssertionError: expected [true] but found [false]
	at com.epam.lab.suits.test.Test1.test2(Test1.java:15)
</failure>
    <system-out><![CDATA[10 мар. 2022 21:59:29,979 INFO [main] test2 - this test is failure 
]]></system-out>
  </testcase>
  <testcase name="test3" classname="com.epam.lab.suits.test.Test1" time="0"/>
  <testcase name="test4" classname="com.epam.lab.suits.test.Test1" time="0"/>
  <testcase name="test5" classname="com.epam.lab.suits.test.Test1" time="0"/>
  <testcase name="test6" classname="com.epam.lab.suits.test.Test1" time="0"/>
  <testcase name="test7" classname="com.epam.lab.suits.test.Test1" time="0.001"/>
  <testcase name="test8" classname="com.epam.lab.suits.test.Test1" time="0"/>
  <testcase name="test9" classname="com.epam.lab.suits.test.Test1" time="0"/>
</testsuite>