<?xml version="1.0" encoding="UTF-8"?>
<testng-results ignored="0" total="1" passed="1" failed="0" skipped="0">
  <reporter-output>
  </reporter-output>
  <suite started-at="2022-03-09T16:36:33Z" name="Surefire suite" finished-at="2022-03-09T16:36:42Z" duration-ms="9143">
    <groups>
    </groups>
    <test started-at="2022-03-09T16:36:33Z" name="Surefire test" finished-at="2022-03-09T16:36:42Z" duration-ms="9143">
      <class name="com.epam.lab.test.BrowserPageTest">
        <test-method is-config="true" signature="initializationWebDriver()[pri:0, instance:com.epam.lab.test.BrowserPageTest@363ee3a2]" started-at="2022-03-09T16:36:33Z" name="initializationWebDriver" finished-at="2022-03-09T16:36:38Z" duration-ms="5098" status="PASS">
          <reporter-output>
          </reporter-output>
        </test-method> <!-- initializationWebDriver -->
        <test-method signature="checkingPageBrowser()[pri:0, instance:com.epam.lab.test.BrowserPageTest@363ee3a2]" started-at="2022-03-09T16:36:38Z" name="checkingPageBrowser" finished-at="2022-03-09T16:36:40Z" duration-ms="2613" status="PASS">
          <reporter-output>
          </reporter-output>
        </test-method> <!-- checkingPageBrowser -->
        <test-method is-config="true" signature="tearDawn()[pri:0, instance:com.epam.lab.test.BrowserPageTest@363ee3a2]" started-at="2022-03-09T16:36:40Z" name="tearDawn" finished-at="2022-03-09T16:36:42Z" duration-ms="1417" status="PASS">
          <reporter-output>
          </reporter-output>
        </test-method> <!-- tearDawn -->
      </class> <!-- com.epam.lab.test.BrowserPageTest -->
    </test> <!-- Surefire test -->
  </suite> <!-- Surefire suite -->
</testng-results>
